<?xml version="1.0" encoding="UTF-8"?>
<!-- Generated by org.testng.reporters.JUnitXMLReporter -->
<testsuite hostname="DESKTOP-CS238HQ" ignored="0" name="Default test" tests="3" failures="0" timestamp="2020-11-15T17:24:54 GMT" time="37.201" errors="0">
  <testcase name="atablet" time="7.969" classname="uitesting.Popularlinktest"/>
  <testcase name="laptop" time="6.287" classname="uitesting.Popularlinktest"/>
  <testcase name="spkr" time="6.183" classname="uitesting.Popularlinktest"/>
</testsuite> <!-- Default test -->
