<?xml version="1.0" encoding="UTF-8"?>
<testng-results skipped="0" failed="0" ignored="0" total="3" passed="3">
  <reporter-output>
  </reporter-output>
  <suite name="Default suite" duration-ms="37201" started-at="2020-11-15T17:24:17 GMT" finished-at="2020-11-15T17:24:54 GMT">
    <groups>
    </groups>
    <test name="Default test" duration-ms="37201" started-at="2020-11-15T17:24:17 GMT" finished-at="2020-11-15T17:24:54 GMT">
      <class name="uitesting.Popularlinktest">
        <test-method status="PASS" signature="esetup()[pri:0, instance:uitesting.Popularlinktest@2781e022]" name="esetup" is-config="true" duration-ms="115" started-at="2020-11-15T17:24:17 GMT" finished-at="2020-11-15T17:24:17 GMT">
          <reporter-output>
          </reporter-output>
        </test-method> <!-- esetup -->
        <test-method status="PASS" signature="invokbro()[pri:0, instance:uitesting.Popularlinktest@2781e022]" name="invokbro" is-config="true" duration-ms="5466" started-at="2020-11-15T17:24:17 GMT" finished-at="2020-11-15T17:24:22 GMT">
          <reporter-output>
          </reporter-output>
        </test-method> <!-- invokbro -->
        <test-method status="PASS" signature="atablet()[pri:0, instance:uitesting.Popularlinktest@2781e022]" name="atablet" duration-ms="7969" started-at="2020-11-15T17:24:22 GMT" finished-at="2020-11-15T17:24:30 GMT">
          <reporter-output>
          </reporter-output>
        </test-method> <!-- atablet -->
        <test-method status="PASS" signature="closeb()[pri:0, instance:uitesting.Popularlinktest@2781e022]" name="closeb" is-config="true" duration-ms="791" started-at="2020-11-15T17:24:30 GMT" finished-at="2020-11-15T17:24:31 GMT">
          <reporter-output>
          </reporter-output>
        </test-method> <!-- closeb -->
        <test-method status="PASS" signature="invokbro()[pri:0, instance:uitesting.Popularlinktest@2781e022]" name="invokbro" is-config="true" duration-ms="4317" started-at="2020-11-15T17:24:31 GMT" finished-at="2020-11-15T17:24:35 GMT">
          <reporter-output>
          </reporter-output>
        </test-method> <!-- invokbro -->
        <test-method status="PASS" signature="laptop()[pri:0, instance:uitesting.Popularlinktest@2781e022]" name="laptop" duration-ms="6287" started-at="2020-11-15T17:24:35 GMT" finished-at="2020-11-15T17:24:42 GMT">
          <reporter-output>
          </reporter-output>
        </test-method> <!-- laptop -->
        <test-method status="PASS" signature="closeb()[pri:0, instance:uitesting.Popularlinktest@2781e022]" name="closeb" is-config="true" duration-ms="689" started-at="2020-11-15T17:24:42 GMT" finished-at="2020-11-15T17:24:42 GMT">
          <reporter-output>
          </reporter-output>
        </test-method> <!-- closeb -->
        <test-method status="PASS" signature="invokbro()[pri:0, instance:uitesting.Popularlinktest@2781e022]" name="invokbro" is-config="true" duration-ms="4667" started-at="2020-11-15T17:24:42 GMT" finished-at="2020-11-15T17:24:47 GMT">
          <reporter-output>
          </reporter-output>
        </test-method> <!-- invokbro -->
        <test-method status="PASS" signature="spkr()[pri:0, instance:uitesting.Popularlinktest@2781e022]" name="spkr" duration-ms="6183" started-at="2020-11-15T17:24:47 GMT" finished-at="2020-11-15T17:24:53 GMT">
          <reporter-output>
          </reporter-output>
        </test-method> <!-- spkr -->
        <test-method status="PASS" signature="closeb()[pri:0, instance:uitesting.Popularlinktest@2781e022]" name="closeb" is-config="true" duration-ms="684" started-at="2020-11-15T17:24:53 GMT" finished-at="2020-11-15T17:24:54 GMT">
          <reporter-output>
          </reporter-output>
        </test-method> <!-- closeb -->
      </class> <!-- uitesting.Popularlinktest -->
    </test> <!-- Default test -->
  </suite> <!-- Default suite -->
</testng-results>
